Traceback (most recent call last):
  File "/home/beltjun/.local/bin/scrapy", line 11, in <module>
    sys.exit(execute())
  File "/home/beltjun/.local/lib/python3.6/site-packages/scrapy/cmdline.py", line 114, in execute
    settings = get_project_settings()
  File "/home/beltjun/.local/lib/python3.6/site-packages/scrapy/utils/project.py", line 68, in get_project_settings
    settings.setmodule(settings_module_path, priority='project')
  File "/home/beltjun/.local/lib/python3.6/site-packages/scrapy/settings/__init__.py", line 294, in setmodule
    module = import_module(module)
  File "/usr/lib/python3.6/importlib/__init__.py", line 126, in import_module
    return _bootstrap._gcd_import(name[level:], package, level)
  File "<frozen importlib._bootstrap>", line 994, in _gcd_import
  File "<frozen importlib._bootstrap>", line 971, in _find_and_load
  File "<frozen importlib._bootstrap>", line 955, in _find_and_load_unlocked
  File "<frozen importlib._bootstrap>", line 665, in _load_unlocked
  File "<frozen importlib._bootstrap_external>", line 678, in exec_module
  File "<frozen importlib._bootstrap>", line 219, in _call_with_frames_removed
  File "/home/beltjun/Projects/Floogle/WebCrawler/pingboard/pingboard/settings.py", line 92, in <module>
    es_host = (os.environ['ES_HOST'])
  File "/usr/lib/python3.6/os.py", line 669, in __getitem__
    raise KeyError(key) from None
KeyError: 'ES_HOST'
